\BOOKMARK [1][-]{section.1}{Introduction}{}% 1
\BOOKMARK [2][-]{subsection.1.1}{Aims are changing now}{section.1}% 2
\BOOKMARK [2][-]{subsection.1.2}{Our understanding of the words}{section.1}% 3
\BOOKMARK [2][-]{subsection.1.3}{Other Assumptions}{section.1}% 4
\BOOKMARK [1][-]{section.2}{Analysis of the Problem}{}% 5
\BOOKMARK [1][-]{section.3}{Calculating and Simplifying the Model }{}% 6
\BOOKMARK [1][-]{section.4}{The Model Results}{}% 7
\BOOKMARK [1][-]{section.5}{Validating the Model}{}% 8
\BOOKMARK [1][-]{section.6}{Conclusions}{}% 9
\BOOKMARK [1][-]{section.7}{A Summary}{}% 10
\BOOKMARK [1][-]{section.8}{Evaluate of the Mode}{}% 11
\BOOKMARK [1][-]{section.9}{Strengths and weaknesses}{}% 12
\BOOKMARK [2][-]{subsection.9.1}{Strengths}{section.9}% 13
\BOOKMARK [2][-]{subsection.9.2}{test2}{section.9}% 14
\BOOKMARK [1][-]{section.10}{test1}{}% 15
\BOOKMARK [1][-]{section.11}{test2}{}% 16
\BOOKMARK [1][-]{section.12}{appendix}{}% 17
\BOOKMARK [1][-]{section*.2}{Appendices}{}% 18
\BOOKMARK [1][-]{Appendix.a.A}{Appendix First appendix}{}% 19
\BOOKMARK [1][-]{Appendix.a.B}{Appendix Second appendix}{}% 20
